<?xml version="1.0" encoding="UTF-8"?>
<testsuite name="org.agd.abcnews.dao.DBHandlerTest" time="1.017" tests="3" errors="0" skipped="0" failures="2">
  <properties>
[...]
</properties>
  <testcase name="listArticles" classname="org.agd.abcnews.dao.DBHandlerTest" time="0.72">
    <failure message="expected:&lt;2&gt; but was:&lt;3&gt;" type="java.lang.AssertionError"><![CDATA[java.lang.AssertionError: expected:<2> but was:<3>
	at org.junit.Assert.fail(Assert.java:88)
	at org.junit.Assert.failNotEquals(Assert.java:834)
	at org.junit.Assert.assertEquals(Assert.java:645)
	at org.junit.Assert.assertEquals(Assert.java:631)
	at org.agd.abcnews.dao.DBHandlerTest.listArticles(DBHandlerTest.java:30)
]]></failure>
    <system-out><![CDATA[11:07:34.230 [main] INFO org.mongodb.driver.cluster - Cluster created with settings {hosts=[51.145.133.0:27017], mode=SINGLE, requiredClusterType=UNKNOWN, serverSelectionTimeout='30000 ms', maxWaitQueueSize=500}
11:07:34.329 [main] DEBUG org.mongodb.driver.cluster - Updating cluster description to  {type=UNKNOWN, servers=[{address=51.145.133.0:27017, type=UNKNOWN, state=CONNECTING}]
11:07:34.351 [main] INFO org.mongodb.driver.cluster - No server chosen by ReadPreferenceServerSelector{readPreference=primary} from cluster description ClusterDescription{type=UNKNOWN, connectionMode=SINGLE, serverDescriptions=[ServerDescription{address=51.145.133.0:27017, type=UNKNOWN, state=CONNECTING}]}. Waiting for 30000 ms before timing out
11:07:34.477 [cluster-ClusterId{value='5b1cf866d7ff4133eede8292', description='null'}-51.145.133.0:27017] INFO org.mongodb.driver.connection - Opened connection [connectionId{localValue:1, serverValue:11255}] to 51.145.133.0:27017
11:07:34.478 [cluster-ClusterId{value='5b1cf866d7ff4133eede8292', description='null'}-51.145.133.0:27017] DEBUG org.mongodb.driver.cluster - Checking status of 51.145.133.0:27017
11:07:34.503 [cluster-ClusterId{value='5b1cf866d7ff4133eede8292', description='null'}-51.145.133.0:27017] INFO org.mongodb.driver.cluster - Monitor thread successfully connected to server with description ServerDescription{address=51.145.133.0:27017, type=STANDALONE, state=CONNECTED, ok=true, version=ServerVersion{versionList=[3, 4, 4]}, minWireVersion=0, maxWireVersion=5, maxDocumentSize=16777216, roundTripTimeNanos=23846503}
11:07:34.505 [cluster-ClusterId{value='5b1cf866d7ff4133eede8292', description='null'}-51.145.133.0:27017] DEBUG org.mongodb.driver.cluster - Updating cluster description to  {type=STANDALONE, servers=[{address=51.145.133.0:27017, type=STANDALONE, roundTripTime=23.8 ms, state=CONNECTED}]
11:07:34.632 [main] INFO org.mongodb.driver.connection - Opened connection [connectionId{localValue:2, serverValue:11256}] to 51.145.133.0:27017
11:07:34.644 [main] DEBUG org.mongodb.driver.protocol.command - Sending command {find : BsonString{value='articles'}} to database abcnews on connection [connectionId{localValue:2, serverValue:11256}] to server 51.145.133.0:27017
11:07:34.672 [main] DEBUG org.mongodb.driver.protocol.command - Command execution completed
]]></system-out>
  </testcase>
  <testcase name="getUser" classname="org.agd.abcnews.dao.DBHandlerTest" time="0.001">
    <failure message="Not yet implemented." type="java.lang.AssertionError">java.lang.AssertionError: Not yet implemented.
	at org.junit.Assert.fail(Assert.java:88)
	at org.agd.abcnews.dao.DBHandlerTest.getUser(DBHandlerTest.java:48)
</failure>
    <system-out><![CDATA[11:07:34.739 [main] INFO org.mongodb.driver.cluster - Cluster created with settings {hosts=[51.145.133.0:27017], mode=SINGLE, requiredClusterType=UNKNOWN, serverSelectionTimeout='30000 ms', maxWaitQueueSize=500}
11:07:34.741 [main] DEBUG org.mongodb.driver.cluster - Updating cluster description to  {type=UNKNOWN, servers=[{address=51.145.133.0:27017, type=UNKNOWN, state=CONNECTING}]
]]></system-out>
  </testcase>
  <testcase name="getArticle" classname="org.agd.abcnews.dao.DBHandlerTest" time="0.296"/>
</testsuite>